OUTPUT OF PYTHON 2D SMALL STRAIN FEM IMPLEMENTATION 

          DISPLACEMENTS 
********************************* 
  Node      U1           U2 
********************************* 
    1       0.00000       0.00000 
    2      -0.00017       0.00000 
    3      -0.00035      -0.00000 
    4      -0.00052      -0.00000 
    5      -0.00070       0.00000 
    6      -0.00087       0.00000 
    7      -0.00104      -0.00000 
    8      -0.00122      -0.00000 
    9      -0.00139       0.00000 
   10       0.00000       0.00005 
   11      -0.00035       0.00005 
   12      -0.00070       0.00005 
   13      -0.00104       0.00005 
   14      -0.00139       0.00005 
   15       0.00000       0.00010 
   16      -0.00017       0.00010 
   17      -0.00035       0.00010 
   18      -0.00052       0.00010 
   19      -0.00070       0.00010 
   20      -0.00087       0.00010 
   21      -0.00104       0.00010 
   22      -0.00122       0.00010 
   23      -0.00139       0.00010 

                ELEMENT STRESSES 
***************************************************************************************************************************************************************** 
Element   S11_G1       S22_G1       S12_G1       S11_G2       S22_G2       S12_G2       S11_G3       S22_G3         S12_G3     S11_G4       S22_G4       S12_G4 
***************************************************************************************************************************************************************** 
    1  -3.6500e+01  -1.1260e-11   8.0124e-12  -3.6500e+01   3.6771e-12   1.9903e-11  -3.6500e+01   3.6771e-12  -1.9920e-11  -3.6500e+01  -1.1227e-11  -8.0444e-12 
    2  -3.6500e+01   5.9693e-11  -2.5487e-11  -3.6500e+01  -1.1527e-11  -1.0301e-10  -3.6500e+01  -1.1541e-11   1.0299e-10  -3.6500e+01   5.9691e-11   2.5491e-11 
    3  -3.6500e+01  -3.0870e-10   1.2717e-10  -3.6500e+01  -2.6557e-12   5.7759e-10  -3.6500e+01  -2.6041e-12  -5.7755e-10  -3.6500e+01  -3.0868e-10  -1.2715e-10 
    4  -3.6500e+01   2.1117e-09  -9.1784e-10  -3.6500e+01  -1.8409e-09  -2.5656e-09  -3.6500e+01  -1.8409e-09   2.5657e-09  -3.6500e+01   2.1116e-09   9.1789e-10 

                ELEMENT STRAINS 
***************************************************************************************************************************************************************** 
Element   E11_G1       E22_G1       E12_G1       E11_G2       E22_G2       E12_G2       E11_G3       E22_G3       E12_G3       E11_G4       E22_G4       E12_G4 
***************************************************************************************************************************************************************** 
    1  -1.7381e-04   5.2143e-05   9.9201e-17  -1.7381e-04   5.2143e-05   2.4641e-16  -1.7381e-04   5.2143e-05  -2.4663e-16  -1.7381e-04   5.2143e-05  -9.9598e-17 
    2  -1.7381e-04   5.2143e-05  -3.1555e-16  -1.7381e-04   5.2143e-05  -1.2754e-15  -1.7381e-04   5.2143e-05   1.2751e-15  -1.7381e-04   5.2143e-05   3.1560e-16 
    3  -1.7381e-04   5.2143e-05   1.5745e-15  -1.7381e-04   5.2143e-05   7.1511e-15  -1.7381e-04   5.2143e-05  -7.1506e-15  -1.7381e-04   5.2143e-05  -1.5742e-15 
    4  -1.7381e-04   5.2143e-05  -1.1364e-14  -1.7381e-04   5.2143e-05  -3.1764e-14  -1.7381e-04   5.2143e-05   3.1765e-14  -1.7381e-04   5.2143e-05   1.1364e-14 

       SUPPORT REACTIONS 
***************************** 
  Node   Dof      Magnitude 
***************************** 
    1     1       1.21667e+01 
    1     2       4.44089e-14 
   10     1       4.86667e+01 
   15     1       1.21667e+01 
