OUTPUT OF PYTHON 2D SMALL STRAIN FEM IMPLEMENTATION 

          DISPLACEMENTS 
********************************* 
  Node      U1           U2 
********************************* 
    1       0.00000       0.00000 
    2       0.00052       0.00000 
    3       0.00052      -0.00011 
    4       0.00000      -0.00011 
    5       0.00026       0.00000 
    6       0.00052      -0.00006 
    7       0.00026      -0.00011 
    8       0.00000      -0.00006 

                ELEMENT STRESSES 
***************************************************************************************************************************************************************** 
Element   S11_G1       S22_G1       S12_G1       S11_G2       S22_G2       S12_G2       S11_G3       S22_G3         S12_G3     S11_G4       S22_G4       S12_G4 
***************************************************************************************************************************************************************** 
    1   6.0000e+01  -2.1316e-14   2.8460e-14   6.0000e+01   2.1316e-14   1.2315e-14   6.0000e+01   2.4869e-14  -5.7468e-15   6.0000e+01   3.5527e-15   6.5678e-15 

                ELEMENT STRAINS 
***************************************************************************************************************************************************************** 
Element   E11_G1       E22_G1       E12_G1       E11_G2       E22_G2       E12_G2       E11_G3       E22_G3       E12_G3       E11_G4       E22_G4       E12_G4 
***************************************************************************************************************************************************************** 
    1   2.6000e-04  -1.1143e-04   3.5237e-19   2.6000e-04  -1.1143e-04   1.5247e-19   2.6000e-04  -1.1143e-04  -7.1151e-20   2.6000e-04  -1.1143e-04   8.1315e-20 

       SUPPORT REACTIONS 
***************************** 
  Node   Dof      Magnitude 
***************************** 
    1     1      -1.00000e+01 
    1     2       7.10543e-15 
    4     1      -1.00000e+01 
    8     1      -4.00000e+01 
