OUTPUT OF PYTHON 2D SMALL STRAIN FEM IMPLEMENTATION 

          DISPLACEMENTS 
********************************* 
  Node      U1           U2 
********************************* 
    1       0.00000       0.00000 
    2      -0.07841      -0.16143 
    3      -0.15386      -0.63059 
    4      -0.21480      -1.37174 
    5      -0.26973      -2.34464 
    6      -0.30642      -3.50095 
    7      -0.33782      -4.79341 
    8      -0.35213      -6.17737 
    9      -0.36100      -7.60754 
   10       0.00000       0.00000 
   11       0.00000      -0.62714 
   12       0.00000      -2.34314 
   13       0.00001      -4.79258 
   14       0.00006      -7.60761 
   15       0.00000       0.00000 
   16       0.07841      -0.16143 
   17       0.15386      -0.63059 
   18       0.21480      -1.37174 
   19       0.26974      -2.34465 
   20       0.30641      -3.50095 
   21       0.33783      -4.79348 
   22       0.35211      -6.17731 
   23       0.36120      -7.60802 

                ELEMENT STRESSES 
***************************************************************************************************************************************************************** 
Element   S11_G1       S22_G1       S12_G1       S11_G2       S22_G2       S12_G2       S11_G3       S22_G3         S12_G3     S11_G4       S22_G4       S12_G4 
***************************************************************************************************************************************************************** 
    1  -1.0245e+02  -2.3676e+01  -1.9995e+00  -9.1542e+01  -1.1261e+00  -1.9978e+00   9.1542e+01   1.1221e+00  -2.0022e+00   1.0245e+02   2.3678e+01  -2.0005e+00 
    2  -7.2109e+01   7.7921e+00  -2.0011e+00  -6.6455e+01  -1.3967e+00  -2.0051e+00   6.6455e+01   1.3703e+00  -1.9949e+00   7.2109e+01  -7.7798e+00  -1.9989e+00 
    3  -4.5034e+01  -1.9883e-01  -2.0060e+00  -3.8105e+01  -1.8045e+00  -1.9559e+00   3.8105e+01   1.6025e+00  -2.0441e+00   4.5034e+01   2.6796e-01  -1.9940e+00 
    4  -1.7285e+01   2.0841e+00  -2.0483e+00  -1.0428e+01  -8.2250e-01  -1.9855e+00   1.0428e+01  -6.0698e-01  -2.0145e+00   1.7285e+01  -1.5043e+00  -1.9517e+00 

                ELEMENT STRAINS 
***************************************************************************************************************************************************************** 
Element   E11_G1       E22_G1       E12_G1       E11_G2       E22_G2       E12_G2       E11_G3       E22_G3       E12_G3       E11_G4       E22_G4       E12_G4 
***************************************************************************************************************************************************************** 
    1  -4.5402e-04   3.3610e-05  -2.4756e-05  -4.3431e-04   1.2541e-04  -2.4734e-05   4.3431e-04  -1.2543e-04  -2.4789e-05   4.5402e-04  -3.3603e-05  -2.4768e-05 
    2  -3.5451e-04   1.4012e-04  -2.4776e-05  -3.1446e-04   8.8284e-05  -2.4825e-05   3.1449e-04  -8.8410e-05  -2.4699e-05   3.5449e-04  -1.4006e-04  -2.4748e-05 
    3  -2.1416e-04   6.3387e-05  -2.4836e-05  -1.7887e-04   4.5842e-05  -2.4216e-05   1.7916e-04  -4.6804e-05  -2.5308e-05   2.1406e-04  -6.3058e-05  -2.4687e-05 
    4  -8.5288e-05   3.4617e-05  -2.5359e-05  -4.8480e-05   1.0980e-05  -2.4583e-05   5.0522e-05  -1.7787e-05  -2.4941e-05   8.4460e-05  -3.1857e-05  -2.4164e-05 

       SUPPORT REACTIONS 
***************************** 
  Node   Dof      Magnitude 
***************************** 
    1     1       1.59990e+04 
    1     2       2.20336e+04 
   10     1       1.91556e+00 
   10     2      -4.30680e+04 
   15     1      -1.60010e+04 
   15     2       2.20344e+04 
