OUTPUT OF PYTHON 2D SMALL STRAIN FEM IMPLEMENTATION 

          DISPLACEMENTS 
********************************* 
  Node      U1           U2 
********************************* 
    1       0.00000       0.00000 
    2       0.00179       0.00045 
    3       0.00357       0.00179 
    4       0.00536       0.00402 
    5       0.00715       0.00715 
    6       0.00887       0.01118 
    7       0.01057       0.01595 
    8       0.01325       0.02174 
    9       0.01615       0.03022 
   10       0.00000      -0.00040 
   11       0.00179       0.00138 
   12       0.00357       0.00675 
   13       0.00543       0.01560 
   14       0.00621       0.02886 
   15       0.00000      -0.00054 
   16       0.00000      -0.00009 
   17       0.00000       0.00125 
   18       0.00000       0.00348 
   19       0.00000       0.00660 
   20       0.00000       0.01060 
   21       0.00000       0.01557 
   22       0.00000       0.02173 
   23       0.00000       0.02799 
   24       0.00000      -0.00040 
   25      -0.00179       0.00138 
   26      -0.00357       0.00675 
   27      -0.00543       0.01560 
   28      -0.00621       0.02886 
   29       0.00000      -0.00000 
   30      -0.00179       0.00045 
   31      -0.00357       0.00179 
   32      -0.00536       0.00402 
   33      -0.00715       0.00715 
   34      -0.00887       0.01118 
   35      -0.01057       0.01595 
   36      -0.01325       0.02174 
   37      -0.01615       0.03022 

                ELEMENT STRESSES 
***************************************************************************************************************************************************************** 
Element   S11_G1       S22_G1       S12_G1       S11_G2       S22_G2       S12_G2       S11_G3       S22_G3         S12_G3     S11_G4       S22_G4       S12_G4 
***************************************************************************************************************************************************************** 
    1   2.9577e+02   1.1632e-01   8.6667e-03   2.9570e+02  -5.0251e-01  -6.3838e-03   7.9452e+01   5.7938e-01   6.3838e-03   7.9205e+01  -1.3859e-01  -8.6667e-03 
    2   2.9586e+02   3.4758e-01  -2.6420e-01   2.9610e+02   1.5581e+00  -3.4557e-01   7.7954e+01  -2.5415e+00   3.4557e-01   7.8837e+01   2.9309e-01   2.6420e-01 
    3   2.9387e+02  -5.4066e+00   3.4306e+00   2.9280e+02  -1.3635e-01   5.8085e+00   9.0383e+01   1.2209e+01  -5.8085e+00   8.6164e+01  -4.2264e+00  -3.4306e+00 
    4   3.1953e+02   6.3492e+01  -3.9008e+01   3.2429e+02  -5.9468e+01  -7.7890e+01  -2.8868e+01  -5.6642e+01   7.7890e+01  -7.8950e+00   5.0467e+01   3.9008e+01 
    5  -7.9205e+01   1.3859e-01  -8.6667e-03  -7.9452e+01  -5.7938e-01   6.3838e-03  -2.9570e+02   5.0251e-01  -6.3838e-03  -2.9577e+02  -1.1632e-01   8.6667e-03 
    6  -7.8837e+01  -2.9309e-01   2.6420e-01  -7.7954e+01   2.5415e+00   3.4557e-01  -2.9610e+02  -1.5581e+00  -3.4557e-01  -2.9586e+02  -3.4758e-01  -2.6420e-01 
    7  -8.6164e+01   4.2264e+00  -3.4306e+00  -9.0383e+01  -1.2209e+01  -5.8085e+00  -2.9280e+02   1.3635e-01   5.8085e+00  -2.9387e+02   5.4066e+00   3.4306e+00 
    8   7.8950e+00  -5.0467e+01   3.9008e+01   2.8868e+01   5.6642e+01   7.7890e+01  -3.2429e+02   5.9468e+01  -7.7890e+01  -3.1953e+02  -6.3492e+01  -3.9008e+01 

                ELEMENT STRAINS 
***************************************************************************************************************************************************************** 
Element   E11_G1       E22_G1       E12_G1       E11_G2       E22_G2       E12_G2       E11_G3       E22_G3       E12_G3       E11_G4       E22_G4       E12_G4 
***************************************************************************************************************************************************************** 
    1   1.4082e-03  -4.2197e-04   1.0730e-07   1.4088e-03  -4.2482e-04  -7.9038e-08   3.7752e-04  -1.1074e-04   7.9038e-08   3.7737e-04  -1.1381e-04  -1.0730e-07 
    2   1.4084e-03  -4.2100e-04  -3.2711e-06   1.4078e-03  -4.1558e-04  -4.2785e-06   3.7484e-04  -1.2347e-04   4.2785e-06   3.7500e-04  -1.1123e-04   3.2711e-06 
    3   1.4071e-03  -4.4556e-04   4.2474e-05   1.3945e-03  -4.1893e-04   7.1915e-05   4.1295e-04  -7.0979e-05  -7.1915e-05   4.1634e-04  -1.4322e-04  -4.2474e-05 
    4   1.4309e-03  -1.5413e-04  -4.8295e-04   1.6292e-03  -7.4646e-04  -9.6435e-04  -5.6548e-05  -2.2848e-04   9.6435e-04  -1.0969e-04   2.5160e-04   4.8295e-04 
    5  -3.7737e-04   1.1381e-04  -1.0730e-07  -3.7752e-04   1.1074e-04   7.9038e-08  -1.4088e-03   4.2482e-04  -7.9038e-08  -1.4082e-03   4.2197e-04   1.0730e-07 
    6  -3.7500e-04   1.1123e-04   3.2711e-06  -3.7484e-04   1.2347e-04   4.2785e-06  -1.4078e-03   4.1558e-04  -4.2785e-06  -1.4084e-03   4.2100e-04  -3.2711e-06 
    7  -4.1634e-04   1.4322e-04  -4.2474e-05  -4.1295e-04   7.0979e-05  -7.1915e-05  -1.3945e-03   4.1893e-04   7.1915e-05  -1.4071e-03   4.4556e-04   4.2474e-05 
    8   1.0969e-04  -2.5160e-04   4.8295e-04   5.6548e-05   2.2848e-04   9.6435e-04  -1.6292e-03   7.4646e-04  -9.6435e-04  -1.4309e-03   1.5413e-04  -4.8295e-04 

       SUPPORT REACTIONS 
***************************** 
  Node   Dof      Magnitude 
***************************** 
    1     1      -1.24985e+02 
    1     2       9.67759e-12 
   10     1      -2.50030e+02 
   15     1      -7.74492e-13 
   24     1       2.50030e+02 
   29     1       1.24985e+02 
