OUTPUT OF PYTHON 2D SMALL STRAIN FEM IMPLEMENTATION 

          DISPLACEMENTS 
********************************* 
  Node      U1           U2 
********************************* 
    1       0.00000       0.00000 
    2       0.00179       0.00045 
    3       0.00357       0.00179 
    4       0.00536       0.00402 
    5       0.00714       0.00714 
    6       0.00893       0.01116 
    7       0.01071       0.01607 
    8       0.01250       0.02188 
    9       0.01429       0.02857 
   10       0.00000      -0.00040 
   11       0.00179       0.00138 
   12       0.00357       0.00674 
   13       0.00536       0.01567 
   14       0.00714       0.02817 
   15       0.00000      -0.00054 
   16      -0.00000      -0.00009 
   17      -0.00000       0.00125 
   18      -0.00000       0.00348 
   19      -0.00000       0.00661 
   20      -0.00000       0.01063 
   21      -0.00000       0.01554 
   22      -0.00000       0.02134 
   23      -0.00000       0.02804 
   24       0.00000      -0.00040 
   25      -0.00179       0.00138 
   26      -0.00357       0.00674 
   27      -0.00536       0.01567 
   28      -0.00714       0.02817 
   29       0.00000       0.00000 
   30      -0.00179       0.00045 
   31      -0.00357       0.00179 
   32      -0.00536       0.00402 
   33      -0.00714       0.00714 
   34      -0.00893       0.01116 
   35      -0.01071       0.01607 
   36      -0.01250       0.02188 
   37      -0.01429       0.02857 

                ELEMENT STRESSES 
***************************************************************************************************************************************************************** 
Element   S11_G1       S22_G1       S12_G1       S11_G2       S22_G2       S12_G2       S11_G3       S22_G3         S12_G3     S11_G4       S22_G4       S12_G4 
***************************************************************************************************************************************************************** 
    1   2.9575e+02   8.5976e-12   5.4469e-12   2.9575e+02  -2.9843e-13   1.1384e-12   7.9247e+01   3.9790e-13   3.0124e-12   7.9247e+01   4.2810e-12   1.6857e-12 
    2   2.9575e+02  -1.1795e-12   1.0508e-12   2.9575e+02   1.1369e-13   1.5412e-12   7.9247e+01  -7.4607e-13   2.8373e-12   7.9247e+01   5.2225e-13   2.9774e-12 
    3   2.9575e+02   6.3949e-13   1.7514e-12   2.9575e+02  -9.9476e-13   1.8215e-12   7.9247e+01  -5.1514e-13   2.1017e-12   7.9247e+01  -1.6982e-12   2.2418e-12 
    4   2.9575e+02  -8.3844e-13  -2.8022e-13   2.9575e+02  -4.0075e-12   1.3311e-12   7.9247e+01  -1.7835e-12   2.8022e-13   7.9247e+01   1.9540e-13   5.6045e-13 
    5  -7.9247e+01   2.0073e-12   6.8305e-13  -7.9247e+01   5.4357e-13   3.1000e-12  -2.9575e+02   7.1054e-14   1.0158e-12  -2.9575e+02   2.1316e-13   3.7217e-13 
    6  -7.9247e+01  -7.6028e-13   2.6621e-12  -7.9247e+01   5.9330e-13   2.8022e-12  -2.9575e+02  -7.2475e-13   5.9548e-13  -2.9575e+02  -4.8317e-13   1.2260e-12 
    7  -7.9247e+01   7.3896e-13   2.2418e-12  -7.9247e+01  -1.2434e-12   2.9424e-12  -2.9575e+02   9.6634e-13   3.5028e-13  -2.9575e+02  -1.1369e-12   1.0508e-12 
    8  -7.9247e+01  -1.3536e-12   5.6045e-13  -7.9247e+01  -4.4622e-12   2.2418e-12  -2.9575e+02  -2.5580e-13   2.8022e-13  -2.9575e+02   8.6686e-13  -7.0056e-14 

                ELEMENT STRAINS 
***************************************************************************************************************************************************************** 
Element   E11_G1       E22_G1       E12_G1       E11_G2       E22_G2       E12_G2       E11_G3       E22_G3       E12_G3       E11_G4       E22_G4       E12_G4 
***************************************************************************************************************************************************************** 
    1   1.4083e-03  -4.2250e-04   6.7437e-17   1.4083e-03  -4.2250e-04   1.4095e-17   3.7737e-04  -1.1321e-04   3.7297e-17   3.7737e-04  -1.1321e-04   2.0871e-17 
    2   1.4083e-03  -4.2250e-04   1.3010e-17   1.4083e-03  -4.2250e-04   1.9082e-17   3.7737e-04  -1.1321e-04   3.5128e-17   3.7737e-04  -1.1321e-04   3.6863e-17 
    3   1.4083e-03  -4.2250e-04   2.1684e-17   1.4083e-03  -4.2250e-04   2.2551e-17   3.7737e-04  -1.1321e-04   2.6021e-17   3.7737e-04  -1.1321e-04   2.7756e-17 
    4   1.4083e-03  -4.2250e-04  -3.4694e-18   1.4083e-03  -4.2250e-04   1.6480e-17   3.7737e-04  -1.1321e-04   3.4694e-18   3.7737e-04  -1.1321e-04   6.9389e-18 
    5  -3.7737e-04   1.1321e-04   8.4568e-18  -3.7737e-04   1.1321e-04   3.8381e-17  -1.4083e-03   4.2250e-04   1.2577e-17  -1.4083e-03   4.2250e-04   4.6079e-18 
    6  -3.7737e-04   1.1321e-04   3.2960e-17  -3.7737e-04   1.1321e-04   3.4694e-17  -1.4083e-03   4.2250e-04   7.3726e-18  -1.4083e-03   4.2250e-04   1.5179e-17 
    7  -3.7737e-04   1.1321e-04   2.7756e-17  -3.7737e-04   1.1321e-04   3.6429e-17  -1.4083e-03   4.2250e-04   4.3368e-18  -1.4083e-03   4.2250e-04   1.3010e-17 
    8  -3.7737e-04   1.1321e-04   6.9389e-18  -3.7737e-04   1.1321e-04   2.7756e-17  -1.4083e-03   4.2250e-04   3.4694e-18  -1.4083e-03   4.2250e-04  -8.6736e-19 

       SUPPORT REACTIONS 
***************************** 
  Node   Dof      Magnitude 
***************************** 
    1     1      -1.25000e+02 
    1     2      -8.25651e-12 
   10     1      -2.50000e+02 
   15     1       1.49925e-12 
   24     1       2.50000e+02 
   29     1       1.25000e+02 
