OUTPUT OF PYTHON 2D SMALL STRAIN FEM IMPLEMENTATION 

          DISPLACEMENTS 
********************************* 
  Node      U1           U2 
********************************* 
    1       0.00000       0.00000 
    2       0.00071      -0.00000 
    3       0.00143      -0.00000 
    4       0.00214      -0.00000 
    5       0.00286      -0.00001 
    6       0.00354      -0.00003 
    7       0.00429      -0.00013 
    8       0.00553      -0.00010 
    9       0.00696       0.00082 
   10       0.00000      -0.00021 
   11       0.00143      -0.00022 
   12       0.00285      -0.00022 
   13       0.00431      -0.00032 
   14       0.00546       0.00017 
   15       0.00000      -0.00043 
   16       0.00071      -0.00043 
   17       0.00143      -0.00043 
   18       0.00215      -0.00043 
   19       0.00287      -0.00043 
   20       0.00353      -0.00043 
   21       0.00411      -0.00043 
   22       0.00483      -0.00043 
   23       0.00550      -0.00043 
   24       0.00000      -0.00064 
   25       0.00143      -0.00064 
   26       0.00285      -0.00064 
   27       0.00431      -0.00054 
   28       0.00546      -0.00103 
   29       0.00000      -0.00086 
   30       0.00071      -0.00086 
   31       0.00143      -0.00086 
   32       0.00214      -0.00086 
   33       0.00286      -0.00085 
   34       0.00354      -0.00082 
   35       0.00429      -0.00073 
   36       0.00553      -0.00076 
   37       0.00696      -0.00168 

                ELEMENT STRESSES 
***************************************************************************************************************************************************************** 
Element   S11_G1       S22_G1       S12_G1       S11_G2       S22_G2       S12_G2       S11_G3       S22_G3         S12_G3     S11_G4       S22_G4       S12_G4 
***************************************************************************************************************************************************************** 
    1   1.4995e+02  -9.3798e-02   5.7734e-02   1.4991e+02   1.0571e-01   1.4036e-01   1.5009e+02  -5.1834e-02  -9.1702e-02   1.5005e+02  -8.9807e-02  -1.6247e-02 
    2   1.4985e+02   1.8335e-01  -2.0114e-02   1.4968e+02   2.4836e-01  -6.7298e-01   1.5032e+02   7.0742e-01   9.0718e-01   1.5015e+02   1.3965e-01   1.3214e-01 
    3   1.4986e+02  -1.2616e+00  -3.6341e-01   1.5899e+02   3.5309e+00  -3.3876e+00   1.4101e+02   1.3587e+01  -1.3990e+01   1.5014e+02   3.2700e+00  -2.0621e+00 
    4   1.8059e+02   2.3823e+01  -2.4195e+01   1.9963e+02  -2.6536e+01  -3.6186e+01   1.0037e+02  -4.1312e+01   2.7368e+01   1.1941e+02   2.3750e+01  -7.6626e+00 
    5   1.5005e+02  -8.9807e-02   1.6247e-02   1.5009e+02  -5.1834e-02   9.1702e-02   1.4991e+02   1.0571e-01  -1.4036e-01   1.4995e+02  -9.3798e-02  -5.7734e-02 
    6   1.5015e+02   1.3965e-01  -1.3214e-01   1.5032e+02   7.0742e-01  -9.0718e-01   1.4968e+02   2.4836e-01   6.7298e-01   1.4985e+02   1.8335e-01   2.0114e-02 
    7   1.5014e+02   3.2700e+00   2.0621e+00   1.4101e+02   1.3587e+01   1.3990e+01   1.5899e+02   3.5309e+00   3.3876e+00   1.4986e+02  -1.2616e+00   3.6341e-01 
    8   1.1941e+02   2.3750e+01   7.6626e+00   1.0037e+02  -4.1312e+01  -2.7368e+01   1.9963e+02  -2.6536e+01   3.6186e+01   1.8059e+02   2.3823e+01   2.4195e+01 

                ELEMENT STRAINS 
***************************************************************************************************************************************************************** 
Element   E11_G1       E22_G1       E12_G1       E11_G2       E22_G2       E12_G2       E11_G3       E22_G3       E12_G3       E11_G4       E22_G4       E12_G4 
***************************************************************************************************************************************************************** 
    1   7.1417e-04  -2.1466e-04   7.1481e-07   7.1369e-04  -2.1365e-04   1.7378e-06   7.1481e-04  -2.1467e-04  -1.1354e-06   7.1467e-04  -2.1479e-04  -2.0115e-07 
    2   7.1331e-04  -2.1320e-04  -2.4902e-07   7.1242e-04  -2.1265e-04  -8.3321e-06   7.1478e-04  -2.1137e-04   1.1232e-05   7.1480e-04  -2.1384e-04   1.6360e-06 
    3   7.1540e-04  -2.2009e-04  -4.4993e-06   7.5205e-04  -2.1031e-04  -4.1942e-05   6.5206e-04  -1.3674e-04  -1.7320e-04   7.1030e-04  -1.9892e-04  -2.5531e-05 
    4   8.2591e-04  -1.4454e-04  -2.9955e-04   9.8853e-04  -4.1155e-04  -4.4802e-04   5.3697e-04  -3.4011e-04   3.3884e-04   5.3471e-04  -5.7496e-05  -9.4870e-05 
    5   7.1467e-04  -2.1479e-04   2.0115e-07   7.1481e-04  -2.1467e-04   1.1354e-06   7.1369e-04  -2.1365e-04  -1.7378e-06   7.1417e-04  -2.1466e-04  -7.1481e-07 
    6   7.1480e-04  -2.1384e-04  -1.6360e-06   7.1478e-04  -2.1137e-04  -1.1232e-05   7.1242e-04  -2.1265e-04   8.3321e-06   7.1331e-04  -2.1320e-04   2.4902e-07 
    7   7.1030e-04  -1.9892e-04   2.5531e-05   6.5206e-04  -1.3674e-04   1.7320e-04   7.5205e-04  -2.1031e-04   4.1942e-05   7.1540e-04  -2.2009e-04   4.4993e-06 
    8   5.3471e-04  -5.7496e-05   9.4870e-05   5.3697e-04  -3.4011e-04  -3.3884e-04   9.8853e-04  -4.1155e-04   4.4802e-04   8.2591e-04  -1.4454e-04   2.9955e-04 

       SUPPORT REACTIONS 
***************************** 
  Node   Dof      Magnitude 
***************************** 
    1     1      -5.00192e+01 
    1     2      -2.48690e-13 
   10     1      -1.99920e+02 
   15     1      -1.00122e+02 
   24     1      -1.99920e+02 
   29     1      -5.00192e+01 
