OUTPUT OF PYTHON 2D SMALL STRAIN FEM IMPLEMENTATION 

          DISPLACEMENTS 
********************************* 
  Node      U1           U2 
********************************* 
    1       0.00000       0.00000 
    2       0.52000       0.00000 
    3       0.52000      -0.11143 
    4       0.00000      -0.11143 
    5       0.26000       0.00000 
    6       0.52000      -0.05571 
    7       0.26000      -0.11143 
    8       0.00000      -0.05571 

                ELEMENT STRESSES 
***************************************************************************************************************************************************************** 
Element   S11_G1       S22_G1       S12_G1       S11_G2       S22_G2       S12_G2       S11_G3       S22_G3         S12_G3     S11_G4       S22_G4       S12_G4 
***************************************************************************************************************************************************************** 
    1   6.0000e+04  -1.4552e-11   3.9512e-11   6.0000e+04   2.5466e-11  -8.4067e-13   6.0000e+04   1.4552e-11  -3.3627e-12   6.0000e+04   1.4552e-11   2.0176e-11 

                ELEMENT STRAINS 
***************************************************************************************************************************************************************** 
Element   E11_G1       E22_G1       E12_G1       E11_G2       E22_G2       E12_G2       E11_G3       E22_G3       E12_G3       E11_G4       E22_G4       E12_G4 
***************************************************************************************************************************************************************** 
    1   2.6000e-01  -1.1143e-01   4.8919e-16   2.6000e-01  -1.1143e-01  -1.0408e-17   2.6000e-01  -1.1143e-01  -4.1633e-17   2.6000e-01  -1.1143e-01   2.4980e-16 

       SUPPORT REACTIONS 
***************************** 
  Node   Dof      Magnitude 
***************************** 
    1     1      -1.00000e+04 
    1     2       0.00000e+00 
    4     1      -1.00000e+04 
    8     1      -4.00000e+04 
