OUTPUT OF PYTHON 2D SMALL STRAIN FEM IMPLEMENTATION 

          DISPLACEMENTS 
********************************* 
  Node      U1           U2 
********************************* 
    1       0.26746      -0.34462 
    2       0.11522       0.42074 
    3      -0.26746       0.34462 
    4      -0.11522      -0.42074 
    5       0.19134       0.03806 
    6      -0.07612       0.38268 
    7      -0.19134      -0.03806 
    8       0.07612      -0.38268 

                ELEMENT STRESSES 
***************************************************************************************************************************************************************** 
Element   S11_G1       S22_G1       S12_G1       S11_G2       S22_G2       S12_G2       S11_G3       S22_G3         S12_G3     S11_G4       S22_G4       S12_G4 
***************************************************************************************************************************************************************** 
    1  -2.2836e+04  -2.2836e+04  -1.3462e-04  -2.2836e+04  -2.2836e+04  -6.7308e-04  -2.2836e+04  -2.2836e+04  -1.3462e-04  -2.2836e+04  -2.2836e+04  -6.7308e-04 

                ELEMENT STRAINS 
***************************************************************************************************************************************************************** 
Element   E11_G1       E22_G1       E12_G1       E11_G2       E22_G2       E12_G2       E11_G3       E22_G3       E12_G3       E11_G4       E22_G4       E12_G4 
***************************************************************************************************************************************************************** 
    1  -7.6120e-02  -7.6120e-02  -1.6667e-09  -7.6120e-02  -7.6120e-02  -8.3333e-09  -7.6120e-02  -7.6120e-02  -1.6667e-09  -7.6120e-02  -7.6120e-02  -8.3333e-09 

       SUPPORT REACTIONS 
***************************** 
  Node   Dof      Magnitude 
***************************** 
    1     1       3.80602e+03 
    1     2       7.61205e+03 
    2     1      -3.80602e+03 
    2     2       7.61205e+03 
    3     1      -3.80602e+03 
    3     2      -7.61205e+03 
    4     1       3.80602e+03 
    4     2      -7.61205e+03 
    5     1       1.50256e-03 
    5     2       3.04482e+04 
    6     1      -1.52241e+04 
    6     2      -2.66410e-03 
    7     1      -1.50256e-03 
    7     2      -3.04482e+04 
    8     1       1.52241e+04 
    8     2       2.66410e-03 
