OUTPUT OF PYTHON 2D SMALL STRAIN FEM IMPLEMENTATION 

          DISPLACEMENTS 
********************************* 
  Node      U1           U2 
********************************* 
    1       0.00000       0.00000 
    2       0.00024      -0.00000 
    3       0.00048      -0.00000 
    4       0.00071      -0.00000 
    5       0.00095      -0.00000 
    6       0.00119      -0.00000 
    7       0.00143       0.00000 
    8       0.00167       0.00000 
    9       0.00190      -0.00000 
   10       0.00000      -0.00007 
   11       0.00048      -0.00007 
   12       0.00095      -0.00007 
   13       0.00143      -0.00007 
   14       0.00190      -0.00007 
   15       0.00000      -0.00014 
   16       0.00024      -0.00014 
   17       0.00048      -0.00014 
   18       0.00071      -0.00014 
   19       0.00095      -0.00014 
   20       0.00119      -0.00014 
   21       0.00143      -0.00014 
   22       0.00167      -0.00014 
   23       0.00190      -0.00014 

                ELEMENT STRESSES 
***************************************************************************************************************************************************************** 
Element   S11_G1       S22_G1       S12_G1       S11_G2       S22_G2       S12_G2       S11_G3       S22_G3         S12_G3     S11_G4       S22_G4       S12_G4 
***************************************************************************************************************************************************************** 
    1   5.0000e+01   1.1973e-12  -7.5420e-13   5.0000e+01  -3.7303e-13  -1.9733e-12   5.0000e+01  -3.8014e-13   2.0179e-12   5.0000e+01   1.1404e-12   8.1440e-13 
    2   5.0000e+01  -5.9828e-12   2.5535e-12   5.0000e+01   1.1404e-12   1.0319e-11   5.0000e+01   1.1617e-12  -1.0294e-11   5.0000e+01  -5.9757e-12  -2.5384e-12 
    3   5.0000e+01   3.0852e-11  -1.2732e-11   5.0000e+01   2.6645e-13  -5.7789e-11   5.0000e+01   2.0606e-13   5.7699e-11   5.0000e+01   3.0820e-11   1.2708e-11 
    4   5.0000e+01  -2.1116e-10   9.1730e-11   5.0000e+01   1.8415e-10   2.5645e-10   5.0000e+01   1.8405e-10  -2.5654e-10   5.0000e+01  -2.1113e-10  -9.1788e-11 

                ELEMENT STRAINS 
***************************************************************************************************************************************************************** 
Element   E11_G1       E22_G1       E12_G1       E11_G2       E22_G2       E12_G2       E11_G3       E22_G3       E12_G3       E11_G4       E22_G4       E12_G4 
***************************************************************************************************************************************************************** 
    1   2.3810e-04  -7.1429e-05  -9.3377e-18   2.3810e-04  -7.1429e-05  -2.4432e-17   2.3810e-04  -7.1429e-05   2.4984e-17   2.3810e-04  -7.1429e-05   1.0083e-17 
    2   2.3810e-04  -7.1429e-05   3.1615e-17   2.3810e-04  -7.1429e-05   1.2776e-16   2.3810e-04  -7.1429e-05  -1.2745e-16   2.3810e-04  -7.1429e-05  -3.1428e-17 
    3   2.3810e-04  -7.1429e-05  -1.5763e-16   2.3810e-04  -7.1429e-05  -7.1549e-16   2.3810e-04  -7.1429e-05   7.1437e-16   2.3810e-04  -7.1429e-05   1.5733e-16 
    4   2.3810e-04  -7.1429e-05   1.1357e-15   2.3810e-04  -7.1429e-05   3.1751e-15   2.3810e-04  -7.1429e-05  -3.1763e-15   2.3810e-04  -7.1429e-05  -1.1364e-15 

       SUPPORT REACTIONS 
***************************** 
  Node   Dof      Magnitude 
***************************** 
    1     1      -1.66667e+01 
    1     2      -7.81597e-14 
   10     1      -6.66667e+01 
   15     1      -1.66667e+01 
