OUTPUT OF PYTHON 2D SMALL STRAIN FEM IMPLEMENTATION 

          DISPLACEMENTS 
********************************* 
  Node      U1           U2 
********************************* 
    1       0.00000       0.00000 
    2       0.00006      -0.00000 
    3       0.00013      -0.00000 
    4       0.00019      -0.00000 
    5       0.00026      -0.00000 
    6       0.00032      -0.00000 
    7       0.00039      -0.00000 
    8       0.00045      -0.00000 
    9       0.00051      -0.00000 
   10       0.00000      -0.00002 
   11       0.00013      -0.00002 
   12       0.00026      -0.00002 
   13       0.00039      -0.00002 
   14       0.00051      -0.00002 
   15       0.00000      -0.00004 
   16       0.00006      -0.00004 
   17       0.00013      -0.00004 
   18       0.00019      -0.00004 
   19       0.00026      -0.00004 
   20       0.00032      -0.00004 
   21       0.00039      -0.00004 
   22       0.00045      -0.00004 
   23       0.00051      -0.00004 

                ELEMENT STRESSES 
***************************************************************************************************************************************************************** 
Element   S11_G1       S22_G1       S12_G1       S11_G2       S22_G2       S12_G2       S11_G3       S22_G3         S12_G3     S11_G4       S22_G4       S12_G4 
***************************************************************************************************************************************************************** 
    1   1.3500e+01   2.0428e-14   1.3614e-14   1.3500e+01  -1.7764e-15   5.1311e-15   1.3500e+01  -4.4409e-15   6.1573e-15   1.3500e+01   6.2172e-15   1.6419e-15 
    2   1.3500e+01  -2.6645e-15   3.0102e-15   1.3500e+01  -7.9936e-15   9.0307e-15   1.3500e+01  -8.8818e-16   6.4309e-15   1.3500e+01   2.6645e-15   4.3785e-15 
    3   1.3500e+01   6.2172e-15   2.7366e-15   1.3500e+01  -1.1546e-14  -5.6100e-15   1.3500e+01  -1.9540e-14  -1.4777e-14   1.3500e+01  -9.7700e-15  -4.3785e-15 
    4   1.3500e+01  -9.7700e-15  -1.6077e-14   1.3500e+01   1.1546e-14  -2.8460e-14   1.3500e+01   8.8818e-16  -1.3683e-15   1.3500e+01   3.5527e-15  -6.2941e-15 

                ELEMENT STRAINS 
***************************************************************************************************************************************************************** 
Element   E11_G1       E22_G1       E12_G1       E11_G2       E22_G2       E12_G2       E11_G3       E22_G3       E12_G3       E11_G4       E22_G4       E12_G4 
***************************************************************************************************************************************************************** 
    1   6.4286e-05  -1.9286e-05   1.6856e-19   6.4286e-05  -1.9286e-05   6.3527e-20   6.4286e-05  -1.9286e-05   7.6233e-20   6.4286e-05  -1.9286e-05   2.0329e-20 
    2   6.4286e-05  -1.9286e-05   3.7269e-20   6.4286e-05  -1.9286e-05   1.1181e-19   6.4286e-05  -1.9286e-05   7.9621e-20   6.4286e-05  -1.9286e-05   5.4210e-20 
    3   6.4286e-05  -1.9286e-05   3.3881e-20   6.4286e-05  -1.9286e-05  -6.9457e-20   6.4286e-05  -1.9286e-05  -1.8296e-19   6.4286e-05  -1.9286e-05  -5.4210e-20 
    4   6.4286e-05  -1.9286e-05  -1.9905e-19   6.4286e-05  -1.9286e-05  -3.5237e-19   6.4286e-05  -1.9286e-05  -1.6941e-20   6.4286e-05  -1.9286e-05  -7.7927e-20 

       SUPPORT REACTIONS 
***************************** 
  Node   Dof      Magnitude 
***************************** 
    1     1      -4.50000e+00 
    1     2      -2.08722e-14 
   10     1      -1.80000e+01 
   15     1      -4.50000e+00 
