OUTPUT OF PYTHON 2D SMALL STRAIN FEM IMPLEMENTATION 

          DISPLACEMENTS 
********************************* 
  Node      U1           U2 
********************************* 
    1       0.00000       0.00000 
    2      -0.01717      -0.02338 
    3      -0.03298      -0.08718 
    4      -0.04515      -0.18617 
    5      -0.05537      -0.31302 
    6      -0.06191      -0.46089 
    7      -0.06652      -0.62269 
    8      -0.06793      -0.79162 
    9      -0.06836      -0.96248 
   10       0.00000       0.00000 
   11      -0.01641      -0.08656 
   12      -0.02762      -0.31267 
   13      -0.03320      -0.62256 
   14      -0.03416      -0.96248 
   15       0.00000       0.00000 
   16      -0.00000      -0.02224 
   17       0.00000      -0.08652 
   18      -0.00000      -0.18547 
   19       0.00000      -0.31254 
   20      -0.00000      -0.46056 
   21       0.00000      -0.62252 
   22       0.00002      -0.79158 
   23       0.00005      -0.96248 
   24       0.00000       0.00000 
   25       0.01641      -0.08656 
   26       0.02762      -0.31267 
   27       0.03320      -0.62257 
   28       0.03425      -0.96251 
   29       0.00000       0.00000 
   30       0.01717      -0.02338 
   31       0.03298      -0.08718 
   32       0.04515      -0.18617 
   33       0.05537      -0.31302 
   34       0.06191      -0.46089 
   35       0.06653      -0.62272 
   36       0.06797      -0.79168 
   37       0.06845      -0.96254 

                ELEMENT STRESSES 
***************************************************************************************************************************************************************** 
Element   S11_G1       S22_G1       S12_G1       S11_G2       S22_G2       S12_G2       S11_G3       S22_G3         S12_G3     S11_G4       S22_G4       S12_G4 
***************************************************************************************************************************************************************** 
    1  -1.1987e+01  -1.8824e+00  -3.9842e-01  -1.0314e+01   2.3010e-01  -1.3759e-01  -2.6671e+00   3.2694e-01  -4.8821e-01  -2.9741e+00   2.3273e-01  -2.2767e-01 
    2  -8.0809e+00   2.7223e-01  -1.7376e-01  -6.6957e+00  -5.1210e-02  -1.6672e-01  -1.7843e+00   3.0202e-02  -4.5832e-01  -2.3146e+00  -4.1025e-01  -4.5265e-01 
    3  -4.4255e+00   5.9737e-03  -1.8449e-01  -2.9864e+00  -9.5730e-02  -1.7888e-01  -7.9518e-01  -1.4771e-02  -4.4660e-01  -1.1617e+00   8.5045e-02  -4.4275e-01 
    4  -9.6860e-01   9.5115e-02  -1.3871e-01  -2.6067e-01  -3.2024e-02  -3.6687e-02  -7.6304e-02  -3.9001e-02  -9.6326e-02  -2.8284e-01  -5.1082e-02  -3.5424e-01 
    5   2.9740e+00  -2.3264e-01  -2.2764e-01   2.6672e+00  -3.2725e-01  -4.8860e-01   1.0313e+01  -2.3039e-01  -1.3760e-01   1.1987e+01   1.8826e+00  -3.9826e-01 
    6   2.3142e+00   4.1107e-01  -4.5233e-01   1.7850e+00  -3.2860e-02  -4.5814e-01   6.6950e+00   4.7850e-02  -1.6882e-01   8.0812e+00  -2.7119e-01  -1.7326e-01 
    7   1.1608e+00  -7.6122e-02  -4.4263e-01   7.9295e-01  -7.8624e-03  -4.4722e-01   2.9886e+00   7.4153e-02  -1.7930e-01   4.4264e+00   3.1244e-03  -1.8213e-01 
    8   2.8499e-01  -5.2608e-02  -3.5419e-01   7.8382e-02  -9.1930e-02  -9.6067e-02   2.5859e-01  -9.8628e-02  -3.6076e-02   9.6645e-01  -1.9987e-01  -1.3970e-01 

                ELEMENT STRAINS 
***************************************************************************************************************************************************************** 
Element   E11_G1       E22_G1       E12_G1       E11_G2       E22_G2       E12_G2       E11_G3       E22_G3       E12_G3       E11_G4       E22_G4       E12_G4 
***************************************************************************************************************************************************************** 
    1  -5.4392e-05   8.1603e-06  -4.9328e-06  -4.9441e-05   1.5829e-05  -1.7035e-06  -1.3168e-05   5.3670e-06  -6.0445e-06  -1.4495e-05   5.3569e-06  -2.8188e-06 
    2  -3.8869e-05   1.2840e-05  -2.1514e-06  -3.1811e-05   9.3214e-06  -2.0642e-06  -8.5398e-06   2.6928e-06  -5.6744e-06  -1.0436e-05   1.3530e-06  -5.6042e-06 
    3  -2.1082e-05   6.3505e-06  -2.2842e-06  -1.4084e-05   3.8104e-06  -2.2147e-06  -3.7655e-06   1.0656e-06  -5.5293e-06  -5.6533e-06   2.0645e-06  -5.4817e-06 
    4  -4.7482e-06   1.8366e-06  -1.7174e-06  -1.1955e-06   2.1989e-07  -4.5422e-07  -3.0764e-07  -7.6712e-08  -1.1926e-06  -1.2739e-06   1.6081e-07  -4.3858e-06 
    5   1.4494e-05  -5.3564e-06  -2.8184e-06   1.3169e-05  -5.3687e-06  -6.0493e-06   4.9441e-05  -1.5831e-05  -1.7037e-06   5.4392e-05  -8.1597e-06  -4.9309e-06 
    6   1.0433e-05  -1.3486e-06  -5.6002e-06   8.5468e-06  -2.7064e-06  -5.6722e-06   3.1813e-05  -9.3364e-06  -2.0902e-06   3.8869e-05  -1.2836e-05  -2.1451e-06 
    7   5.6362e-06  -2.0207e-06  -5.4802e-06   3.7872e-06  -1.1702e-06  -5.5371e-06   1.4126e-05  -3.9164e-06  -2.2199e-06   2.1074e-05  -6.3085e-06  -2.2549e-06 
    8   1.4322e-06  -6.5764e-07  -4.3852e-06   5.0457e-07  -5.4974e-07  -1.1894e-06   1.3723e-06  -8.3907e-07  -4.4666e-07   4.8877e-06  -2.3324e-06  -1.7296e-06 

       SUPPORT REACTIONS 
***************************** 
  Node   Dof      Magnitude 
***************************** 
    1     1       3.23817e+03 
    1     2       3.95776e+03 
   10     1       4.47876e+03 
   10     2      -4.67012e+03 
   15     1       1.61438e-01 
   15     2       2.05071e+03 
   24     1      -4.47928e+03 
   24     2      -4.67021e+03 
   29     1      -3.23781e+03 
   29     2       3.95785e+03 
