OUTPUT OF PYTHON 2D SMALL STRAIN FEM IMPLEMENTATION 

          DISPLACEMENTS 
********************************* 
  Node      U1           U2 
********************************* 
    1       0.00000       0.00000 
    2      -0.00306      -0.00003 
    3      -0.00522      -0.00309 
    4      -0.00624      -0.00684 
    5      -0.00686      -0.01112 
    6      -0.00752      -0.01582 
    7      -0.00802      -0.02098 
    8      -0.00828      -0.02647 
    9      -0.00829      -0.03191 
   10      -0.00184       0.00155 
   11      -0.00210      -0.00289 
   12      -0.00257      -0.01098 
   13      -0.00285      -0.02090 
   14      -0.00297      -0.03199 
   15       0.00000       0.00301 
   16       0.00024      -0.00005 
   17       0.00000      -0.00317 
   18       0.00114      -0.00687 
   19       0.00184      -0.01106 
   20       0.00212      -0.01569 
   21       0.00220      -0.02080 
   22       0.00235      -0.02650 
   23       0.00235      -0.03225 
   24       0.00434       0.00360 
   25       0.00485      -0.00347 
   26       0.00625      -0.01131 
   27       0.00783      -0.02073 
   28       0.00848      -0.03338 
   29       0.00862       0.00379 
   30       0.00846      -0.00008 
   31       0.00899      -0.00362 
   32       0.00967      -0.00749 
   33       0.01077      -0.01157 
   34       0.01183      -0.01614 
   35       0.01304      -0.02100 
   36       0.01546      -0.02654 
   37       0.01836      -0.03482 

                ELEMENT STRESSES 
***************************************************************************************************************************************************************** 
Element   S11_G1       S22_G1       S12_G1       S11_G2       S22_G2       S12_G2       S11_G3       S22_G3         S12_G3     S11_G4       S22_G4       S12_G4 
***************************************************************************************************************************************************************** 
    1  -3.2278e+02   6.7057e+01  -9.6311e+01  -2.1139e+02  -6.0261e+01  -7.1759e+01  -1.4256e+00  -9.1497e+01  -6.5702e+01   1.1816e+02   1.5873e+02   2.0540e+00 
    2  -1.6497e+02  -6.2449e+00  -1.4498e+01  -1.0498e+02   2.5658e+00  -1.2688e+01   4.0436e+01  -1.9670e+01  -1.8728e+01   9.8534e+01  -2.8184e+01  -8.4532e+01 
    3  -9.0341e+01   2.9081e+00  -1.2742e+01  -6.8127e+01   2.7787e-01  -1.3783e+01   1.6876e+00   1.3536e+01  -1.8164e+01   2.5795e+01  -3.1109e+00  -2.3607e+00 
    4  -4.4576e+01  -7.4051e-02  -1.8682e+01  -4.4039e+00  -6.2287e+00  -9.5363e+00  -1.8290e+01  -4.2003e+01  -2.5826e+01   1.3687e+01   1.2197e+01  -3.6740e+01 
    5   8.9242e+01   1.0194e+02   7.5854e+01  -9.1258e+00  -4.0445e+01   1.0471e+02   1.0809e+02   2.7361e+00   3.2753e+01   1.5298e+00   7.6976e+00   1.8403e+01 
    6   1.8851e+02  -1.5680e+01   7.8458e+01   1.2531e+02  -2.6438e+01   1.4952e+01   1.8924e+02  -1.2832e+00   1.6465e+01   1.2793e+02  -6.0337e+00   2.0571e+01 
    7   1.1067e+02  -9.8796e+00   6.1373e+00   9.1663e+01   2.6040e+01   2.4238e+01   2.2478e+02   4.8912e-01   7.7097e+00   2.0388e+02  -9.4097e-01   8.9649e+00 
    8   5.9866e+00   6.3249e+01  -2.2661e+00  -4.7212e+01  -9.8790e+01  -5.2081e+01   3.1990e+02  -6.5588e+01   8.7444e+01   2.7490e+02   6.2923e+01   5.7688e+01 

                ELEMENT STRAINS 
***************************************************************************************************************************************************************** 
Element   E11_G1       E22_G1       E12_G1       E11_G2       E22_G2       E12_G2       E11_G3       E22_G3       E12_G3       E11_G4       E22_G4       E12_G4 
***************************************************************************************************************************************************************** 
    1  -1.6328e-03   7.8043e-04  -1.1924e-03  -9.2051e-04   1.5024e-05  -8.8845e-04   1.2392e-04  -4.3367e-04  -8.1346e-04   3.3592e-04   5.8706e-04   2.5430e-05 
    2  -7.7667e-04   2.0594e-04  -1.7950e-04  -5.0358e-04   1.6219e-04  -1.5709e-04   2.2065e-04  -1.5143e-04  -2.3188e-04   5.0947e-04  -2.7497e-04  -1.0466e-03 
    3  -4.3435e-04   1.4291e-04  -1.5775e-04  -3.2481e-04   9.8648e-05  -1.7065e-04  -1.1301e-05   6.2046e-05  -2.2489e-04   1.2728e-04  -5.1665e-05  -2.9228e-05 
    4  -2.1216e-04   6.3327e-05  -2.3131e-04  -1.2073e-05  -2.3369e-05  -1.1807e-04  -2.7089e-05  -1.7389e-04  -3.1976e-04   4.7750e-05   3.8530e-05  -4.5487e-04 
    5   2.7933e-04   3.5796e-04   9.3914e-04   1.4323e-05  -1.7956e-04   1.2964e-03   5.1082e-04  -1.4139e-04   4.0552e-04  -3.7117e-06   3.4470e-05   2.2785e-04 
    6   9.2006e-04  -3.4397e-04   9.7139e-04   6.3448e-04  -3.0491e-04   1.8512e-04   9.0296e-04  -2.7645e-04   2.0385e-04   6.1781e-04  -2.1149e-04   2.5469e-04 
    7   5.4110e-04  -2.0514e-04   7.5986e-05   3.9929e-04  -6.9475e-06   3.0008e-04   1.0697e-03  -3.1878e-04   9.5453e-05   9.7219e-04  -2.9574e-04   1.1099e-04 
    8  -6.1848e-05   2.9263e-04  -2.8056e-05  -8.3688e-05  -4.0298e-04  -6.4482e-04   1.6171e-03  -7.6933e-04   1.0826e-03   1.2192e-03  -9.3086e-05   7.1424e-04 

       SUPPORT REACTIONS 
***************************** 
  Node   Dof      Magnitude 
***************************** 
    1     1       2.50000e+02 
    1     2      -2.19416e-11 
   15     1      -1.36156e+02 
   17     1      -3.63844e+02 
