OUTPUT OF PYTHON 2D SMALL STRAIN FEM IMPLEMENTATION 

          DISPLACEMENTS 
********************************* 
  Node      U1           U2 
********************************* 
    1       0.00000       0.00009 
    2       0.00087       0.00009 
    3       0.00087      -0.00009 
    4       0.00000      -0.00009 
    5       0.00043       0.00009 
    6       0.00087       0.00000 
    7       0.00043      -0.00009 
    8       0.00000       0.00000 

                ELEMENT STRESSES 
***************************************************************************************************************************************************************** 
Element   S11_G1       S22_G1       S12_G1       S11_G2       S22_G2       S12_G2       S11_G3       S22_G3         S12_G3     S11_G4       S22_G4       S12_G4 
***************************************************************************************************************************************************************** 
    1   1.0000e+02   5.4240e-06  -5.8293e-06   1.0000e+02  -5.4240e-06  -1.5867e-05   1.0000e+02  -5.4240e-06   1.5867e-05   1.0000e+02   5.4240e-06   5.8293e-06 

                ELEMENT STRAINS 
***************************************************************************************************************************************************************** 
Element   E11_G1       E22_G1       E12_G1       E11_G2       E22_G2       E12_G2       E11_G3       E22_G3       E12_G3       E11_G4       E22_G4       E12_G4 
***************************************************************************************************************************************************************** 
    1   4.3333e-04  -1.8571e-04  -7.2172e-11   4.3333e-04  -1.8571e-04  -1.9645e-10   4.3333e-04  -1.8571e-04   1.9645e-10   4.3333e-04  -1.8571e-04   7.2172e-11 

       SUPPORT REACTIONS 
***************************** 
  Node   Dof      Magnitude 
***************************** 
    1     1      -1.66667e+01 
    4     1      -1.66667e+01 
    8     1      -6.66668e+01 
    8     2      -1.39153e-14 
