OUTPUT OF PYTHON 2D SMALL STRAIN FEM IMPLEMENTATION 

          DISPLACEMENTS 
********************************* 
  Node      U1           U2 
********************************* 
    1       0.00000       0.00007 
    2       0.00087       0.00002 
    3       0.00087      -0.00002 
    4       0.00000      -0.00007 
    5       0.00044       0.00008 
    6       0.00100       0.00000 
    7       0.00044      -0.00008 
    8       0.00000       0.00000 

                ELEMENT STRESSES 
***************************************************************************************************************************************************************** 
Element   S11_G1       S22_G1       S12_G1       S11_G2       S22_G2       S12_G2       S11_G3       S22_G3         S12_G3     S11_G4       S22_G4       S12_G4 
***************************************************************************************************************************************************************** 
    1   1.0000e+02  -5.5243e+00   6.1845e+00   1.0000e+02   5.5243e+00   1.5913e+01   1.0000e+02   5.5243e+00  -1.5913e+01   1.0000e+02  -5.5243e+00  -6.1845e+00 

                ELEMENT STRAINS 
***************************************************************************************************************************************************************** 
Element   E11_G1       E22_G1       E12_G1       E11_G2       E22_G2       E12_G2       E11_G3       E22_G3       E12_G3       E11_G4       E22_G4       E12_G4 
***************************************************************************************************************************************************************** 
    1   4.8408e-04  -1.6916e-04   7.6569e-05   4.6830e-04  -1.1655e-04   1.9702e-04   4.6830e-04  -1.1655e-04  -1.9702e-04   4.8408e-04  -1.6916e-04  -7.6569e-05 

       SUPPORT REACTIONS 
***************************** 
  Node   Dof      Magnitude 
***************************** 
    1     1      -2.55158e+01 
    4     1      -2.55158e+01 
    8     1      -4.89683e+01 
    8     2      -4.90455e-14 
