OUTPUT OF PYTHON 2D SMALL STRAIN FEM IMPLEMENTATION 

          DISPLACEMENTS 
********************************* 
  Node      U1           U2 
********************************* 
    1       0.00000       0.00007 
    2       0.00095       0.00007 
    3       0.00095      -0.00007 
    4       0.00000      -0.00007 
    5       0.00048       0.00007 
    6       0.00095       0.00000 
    7       0.00048      -0.00007 
    8       0.00000       0.00000 

                ELEMENT STRESSES 
***************************************************************************************************************************************************************** 
Element   S11_G1       S22_G1       S12_G1       S11_G2       S22_G2       S12_G2       S11_G3       S22_G3         S12_G3     S11_G4       S22_G4       S12_G4 
***************************************************************************************************************************************************************** 
    1   1.0000e+02   5.5243e-06  -6.1845e-06   1.0000e+02  -5.5243e-06  -1.5913e-05   1.0000e+02  -5.5243e-06   1.5913e-05   1.0000e+02   5.5243e-06   6.1845e-06 

                ELEMENT STRAINS 
***************************************************************************************************************************************************************** 
Element   E11_G1       E22_G1       E12_G1       E11_G2       E22_G2       E12_G2       E11_G3       E22_G3       E12_G3       E11_G4       E22_G4       E12_G4 
***************************************************************************************************************************************************************** 
    1   4.7619e-04  -1.4286e-04  -7.6569e-11   4.7619e-04  -1.4286e-04  -1.9702e-10   4.7619e-04  -1.4286e-04   1.9702e-10   4.7619e-04  -1.4286e-04   7.6569e-11 

       SUPPORT REACTIONS 
***************************** 
  Node   Dof      Magnitude 
***************************** 
    1     1      -1.66667e+01 
    4     1      -1.66667e+01 
    8     1      -6.66668e+01 
    8     2      -7.04696e-14 
