OUTPUT OF PYTHON 2D SMALL STRAIN FEM IMPLEMENTATION 

          DISPLACEMENTS 
********************************* 
  Node      U1           U2 
********************************* 
    1       0.00000       0.00000 
    2       0.00385      -0.09540 
    3       0.00921      -0.17170 
    4       0.01714      -0.22087 
    5       0.02539      -0.23755 
    6       0.03364      -0.22087 
    7       0.04157      -0.17170 
    8       0.04693      -0.09540 
    9       0.05078       0.00000 
   10       0.01273      -0.00018 
   11       0.01730      -0.17191 
   12       0.02539      -0.23779 
   13       0.03348      -0.17191 
   14       0.03805      -0.00018 
   15       0.02533      -0.00031 
   16       0.02538      -0.09555 
   17       0.02538      -0.17199 
   18       0.02539      -0.22118 
   19       0.02539      -0.23787 
   20       0.02539      -0.22118 
   21       0.02540      -0.17199 
   22       0.02540      -0.09555 
   23       0.02545      -0.00031 
   24       0.03791      -0.00030 
   25       0.03345      -0.17192 
   26       0.02539      -0.23780 
   27       0.01733      -0.17192 
   28       0.01287      -0.00030 
   29       0.05061      -0.00023 
   30       0.04690      -0.09541 
   31       0.04155      -0.17173 
   32       0.03364      -0.22088 
   33       0.02539      -0.23757 
   34       0.01714      -0.22088 
   35       0.00923      -0.17173 
   36       0.00388      -0.09541 
   37       0.00017      -0.00023 

                ELEMENT STRESSES 
***************************************************************************************************************************************************************** 
Element   S11_G1       S22_G1       S12_G1       S11_G2       S22_G2       S12_G2       S11_G3       S22_G3         S12_G3     S11_G4       S22_G4       S12_G4 
***************************************************************************************************************************************************************** 
    1   5.9664e+00  -6.2567e-01  -5.3460e-01   9.0413e+00   2.6068e-02  -1.3656e-01   2.4367e+00   1.9807e-01  -5.1988e-01   1.5357e+00  -5.5752e-01  -1.2985e+00 
    2   1.3126e+01   1.4376e-01  -1.5900e-01   1.3697e+01  -4.4147e-02  -3.3843e-02   3.6769e+00   1.1932e-02  -6.0434e-02   3.4738e+00  -1.5248e-01  -2.5144e-01 
    3   1.3697e+01  -4.4147e-02   3.3843e-02   1.3126e+01   1.4376e-01   1.5900e-01   3.4738e+00  -1.5248e-01   2.5144e-01   3.6769e+00   1.1932e-02   6.0434e-02 
    4   9.0413e+00   2.6068e-02   1.3656e-01   5.9664e+00  -6.2567e-01   5.3460e-01   1.5357e+00  -5.5752e-01   1.2985e+00   2.4367e+00   1.9807e-01   5.1988e-01 
    5  -1.5585e+00  -3.3566e-01  -1.2975e+00  -2.4455e+00  -1.2492e-01  -5.1895e-01  -9.0325e+00   4.8530e-02  -1.6990e-01  -5.9436e+00  -2.6694e-01  -5.2408e-01 
    6  -3.4687e+00   1.6646e-02  -2.5122e-01  -3.6787e+00  -5.6066e-02  -7.1083e-02  -1.3695e+01   1.3405e-03  -4.5965e-02  -1.3131e+01  -2.8293e-01  -1.2701e-01 
    7  -3.6787e+00  -5.6066e-02   7.1083e-02  -3.4687e+00   1.6646e-02   2.5122e-01  -1.3131e+01  -2.8293e-01   1.2701e-01  -1.3695e+01   1.3405e-03   4.5965e-02 
    8  -2.4455e+00  -1.2492e-01   5.1895e-01  -1.5585e+00  -3.3566e-01   1.2975e+00  -5.9436e+00  -2.6694e-01   5.2408e-01  -9.0325e+00   4.8530e-02   1.6990e-01 

                ELEMENT STRAINS 
***************************************************************************************************************************************************************** 
Element   E11_G1       E22_G1       E12_G1       E11_G2       E22_G2       E12_G2       E11_G3       E22_G3       E12_G3       E11_G4       E22_G4       E12_G4 
***************************************************************************************************************************************************************** 
    1   2.9305e-05  -1.1503e-05  -6.6189e-06   4.3017e-05  -1.2792e-05  -1.6908e-06   1.1321e-05  -2.5378e-06  -6.4367e-06   8.1095e-06  -4.8488e-06  -1.6077e-05 
    2   6.2300e-05  -1.8067e-05  -1.9686e-06   6.5285e-05  -1.9777e-05  -4.1900e-07   1.7492e-05  -5.1958e-06  -7.4823e-07   1.6760e-05  -5.6887e-06  -3.1130e-06 
    3   6.5285e-05  -1.9777e-05   4.1900e-07   6.2300e-05  -1.8067e-05   1.9686e-06   1.6760e-05  -5.6887e-06   3.1130e-06   1.7492e-05  -5.1958e-06   7.4823e-07 
    4   4.3017e-05  -1.2792e-05   1.6908e-06   2.9305e-05  -1.1503e-05   6.6189e-06   8.1095e-06  -4.8488e-06   1.6077e-05   1.1321e-05  -2.5378e-06   6.4367e-06 
    5  -6.9418e-06   6.2803e-07  -1.6064e-05  -1.1467e-05   2.8987e-06  -6.4251e-06  -4.3081e-05   1.3135e-05  -2.1035e-06  -2.7922e-05   7.2198e-06  -6.4886e-06 
    6  -1.6541e-05   5.0345e-06  -3.1104e-06  -1.7437e-05   4.9883e-06  -8.8008e-07  -6.5216e-05   1.9571e-05  -5.6909e-07  -6.2125e-05   1.7412e-05  -1.5725e-06 
    7  -1.7437e-05   4.9883e-06   8.8008e-07  -1.6541e-05   5.0345e-06   3.1104e-06  -6.2125e-05   1.7412e-05   1.5725e-06  -6.5216e-05   1.9571e-05   5.6909e-07 
    8  -1.1467e-05   2.8987e-06   6.4251e-06  -6.9418e-06   6.2803e-07   1.6064e-05  -2.7922e-05   7.2198e-06   6.4886e-06  -4.3081e-05   1.3135e-05   2.1035e-06 

       SUPPORT REACTIONS 
***************************** 
  Node   Dof      Magnitude 
***************************** 
    1     1       0.00000e+00 
    1     2       4.99996e+02 
    9     2       4.99996e+02 
