OUTPUT OF PYTHON 2D SMALL STRAIN FEM IMPLEMENTATION 

          DISPLACEMENTS 
********************************* 
  Node      U1           U2 
********************************* 
    1       0.00000       0.00000 
    2       0.00392      -0.11631 
    3       0.00969      -0.21279 
    4       0.01983      -0.27685 
    5       0.03063      -0.29879 
    6       0.04143      -0.27685 
    7       0.05156      -0.21279 
    8       0.05733      -0.11631 
    9       0.06125       0.00000 
   10       0.01535      -0.00019 
   11       0.02017      -0.21304 
   12       0.03063      -0.29911 
   13       0.04108      -0.21304 
   14       0.04590      -0.00019 
   15       0.03057      -0.00032 
   16       0.03061      -0.11645 
   17       0.03060      -0.21313 
   18       0.03062      -0.27725 
   19       0.03063      -0.29920 
   20       0.03063      -0.27725 
   21       0.03065      -0.21313 
   22       0.03064      -0.11645 
   23       0.03069      -0.00032 
   24       0.04577      -0.00031 
   25       0.04104      -0.21306 
   26       0.03063      -0.29912 
   27       0.02022      -0.21306 
   28       0.01549      -0.00031 
   29       0.06107      -0.00026 
   30       0.05729      -0.11629 
   31       0.05152      -0.21284 
   32       0.04141      -0.27687 
   33       0.03063      -0.29882 
   34       0.01984      -0.27687 
   35       0.00973      -0.21284 
   36       0.00396      -0.11629 
   37       0.00018      -0.00026 

                ELEMENT STRESSES 
***************************************************************************************************************************************************************** 
Element   S11_G1       S22_G1       S12_G1       S11_G2       S22_G2       S12_G2       S11_G3       S22_G3         S12_G3     S11_G4       S22_G4       S12_G4 
***************************************************************************************************************************************************************** 
    1   6.0746e+00  -5.7832e-01  -5.1902e-01   9.7187e+00  -1.3628e-01  -3.0445e-01   2.6440e+00   2.4058e-01  -8.8332e-01   1.5650e+00  -5.4226e-01  -1.2778e+00 
    2   1.6785e+01   3.0445e-01  -2.5880e-01   1.7931e+01  -8.9845e-02  -6.0819e-02   4.8084e+00  -2.1592e-03  -1.3437e-01   4.4314e+00  -1.9616e-01  -5.5342e-01 
    3   1.7931e+01  -8.9845e-02   6.0819e-02   1.6785e+01   3.0445e-01   2.5880e-01   4.4314e+00  -1.9616e-01   5.5342e-01   4.8084e+00  -2.1592e-03   1.3437e-01 
    4   9.7187e+00  -1.3628e-01   3.0445e-01   6.0746e+00  -5.7832e-01   5.1902e-01   1.5650e+00  -5.4226e-01   1.2778e+00   2.6440e+00   2.4058e-01   8.8332e-01 
    5  -1.5959e+00  -2.9636e-01  -1.2767e+00  -2.6542e+00  -7.8676e-02  -8.8144e-01  -9.7084e+00   2.9988e-01  -3.5344e-01  -6.0437e+00  -2.5934e-01  -5.0382e-01 
    6  -4.4233e+00  -2.6234e-02  -5.5329e-01  -4.8110e+00  -9.8729e-02  -1.5023e-01  -1.7928e+01  -9.1443e-03  -7.7228e-02  -1.6793e+01  -5.3140e-01  -2.1184e-01 
    7  -4.8110e+00  -9.8729e-02   1.5023e-01  -4.4233e+00  -2.6234e-02   5.5329e-01  -1.6793e+01  -5.3140e-01   2.1184e-01  -1.7928e+01  -9.1443e-03   7.7228e-02 
    8  -2.6542e+00  -7.8676e-02   8.8144e-01  -1.5959e+00  -2.9636e-01   1.2767e+00  -6.0437e+00  -2.5934e-01   5.0382e-01  -9.7084e+00   2.9988e-01   3.5344e-01 

                ELEMENT STRAINS 
***************************************************************************************************************************************************************** 
Element   E11_G1       E22_G1       E12_G1       E11_G2       E22_G2       E12_G2       E11_G3       E22_G3       E12_G3       E11_G4       E22_G4       E12_G4 
***************************************************************************************************************************************************************** 
    1   2.9753e-05  -1.1432e-05  -6.4260e-06   4.6474e-05  -1.4533e-05  -3.7694e-06   1.2247e-05  -2.6315e-06  -1.0936e-05   8.2270e-06  -4.8179e-06  -1.5821e-05 
    2   7.9493e-05  -2.2529e-05  -3.2042e-06   8.5512e-05  -2.6043e-05  -7.5300e-07   2.2900e-05  -6.8794e-06  -1.6637e-06   2.1382e-05  -7.2647e-06  -6.8519e-06 
    3   8.5512e-05  -2.6043e-05   7.5300e-07   7.9493e-05  -2.2529e-05   3.2042e-06   2.1382e-05  -7.2647e-06   6.8519e-06   2.2900e-05  -6.8794e-06   1.6637e-06 
    4   4.6474e-05  -1.4533e-05   3.7694e-06   2.9753e-05  -1.1432e-05   6.4260e-06   8.2270e-06  -4.8179e-06   1.5821e-05   1.2247e-05  -2.6315e-06   1.0936e-05 
    5  -7.1761e-06   8.6858e-07  -1.5806e-05  -1.2527e-05   3.4171e-06  -1.0913e-05  -4.6659e-05   1.5297e-05  -4.3760e-06  -2.8409e-05   7.3989e-06  -6.2378e-06 
    6  -2.1026e-05   6.1940e-06  -6.8502e-06  -2.2769e-05   6.4027e-06  -1.8600e-06  -8.5358e-05   2.5568e-05  -9.5616e-07  -7.9208e-05   2.1460e-05  -2.6228e-06 
    7  -2.2769e-05   6.4027e-06   1.8600e-06  -2.1026e-05   6.1940e-06   6.8502e-06  -7.9208e-05   2.1460e-05   2.6228e-06  -8.5358e-05   2.5568e-05   9.5616e-07 
    8  -1.2527e-05   3.4171e-06   1.0913e-05  -7.1761e-06   8.6858e-07   1.5806e-05  -2.8409e-05   7.3989e-06   6.2378e-06  -4.6659e-05   1.5297e-05   4.3760e-06 

       SUPPORT REACTIONS 
***************************** 
  Node   Dof      Magnitude 
***************************** 
    1     1       0.00000e+00 
    1     2       5.00000e+02 
    9     2       5.00000e+02 
