OUTPUT OF PYTHON 2D SMALL STRAIN FEM IMPLEMENTATION 

          DISPLACEMENTS 
********************************* 
  Node      U1           U2 
********************************* 
    1       0.00000       0.00000 
    2       0.00377      -0.07450 
    3       0.00873      -0.13061 
    4       0.01444      -0.16490 
    5       0.02015      -0.17631 
    6       0.02586      -0.16490 
    7       0.03158      -0.13061 
    8       0.03654      -0.07450 
    9       0.04031       0.00000 
   10       0.01012      -0.00018 
   11       0.01443      -0.13078 
   12       0.02015      -0.17648 
   13       0.02588      -0.13078 
   14       0.03019      -0.00018 
   15       0.02009      -0.00030 
   16       0.02015      -0.07465 
   17       0.02015      -0.13085 
   18       0.02015      -0.16511 
   19       0.02015      -0.17653 
   20       0.02015      -0.16511 
   21       0.02016      -0.13085 
   22       0.02016      -0.07465 
   23       0.02022      -0.00030 
   24       0.03005      -0.00029 
   25       0.02587      -0.13079 
   26       0.02015      -0.17648 
   27       0.01444      -0.13079 
   28       0.01026      -0.00029 
   29       0.04014      -0.00021 
   30       0.03651      -0.07453 
   31       0.03157      -0.13063 
   32       0.02586      -0.16490 
   33       0.02015      -0.17632 
   34       0.01444      -0.16490 
   35       0.00873      -0.13063 
   36       0.00379      -0.07453 
   37       0.00016      -0.00021 

                ELEMENT STRESSES 
***************************************************************************************************************************************************************** 
Element   S11_G1       S22_G1       S12_G1       S11_G2       S22_G2       S12_G2       S11_G3       S22_G3         S12_G3     S11_G4       S22_G4       S12_G4 
***************************************************************************************************************************************************************** 
    1   5.8582e+00  -6.7304e-01  -5.5019e-01   8.3641e+00   1.8842e-01   3.1323e-02   2.2295e+00   1.5557e-01  -1.5645e-01   1.5065e+00  -5.7280e-01  -1.3192e+00 
    2   9.4674e+00  -1.6937e-02  -5.9206e-02   9.4631e+00   1.5509e-03  -6.8660e-03   2.5454e+00   2.6024e-02   1.3505e-02   2.5163e+00  -1.0879e-01   5.0543e-02 
    3   9.4631e+00   1.5509e-03   6.8660e-03   9.4674e+00  -1.6937e-02   5.9206e-02   2.5163e+00  -1.0879e-01  -5.0543e-02   2.5454e+00   2.6024e-02  -1.3505e-02 
    4   8.3641e+00   1.8842e-01  -3.1323e-02   5.8582e+00  -6.7304e-01   5.5019e-01   1.5065e+00  -5.7280e-01   1.3192e+00   2.2295e+00   1.5557e-01   1.5645e-01 
    5  -1.5211e+00  -3.7496e-01  -1.3183e+00  -2.2368e+00  -1.7116e-01  -1.5647e-01  -8.3568e+00  -2.0282e-01   1.3648e-02  -5.8436e+00  -2.7454e-01  -5.4434e-01 
    6  -2.5142e+00   5.9526e-02   5.0838e-02  -2.5464e+00  -1.3404e-02   8.0618e-03  -9.4621e+00   1.1825e-02  -1.4701e-02  -9.4696e+00  -3.4463e-02  -4.2175e-02 
    7  -2.5464e+00  -1.3404e-02  -8.0618e-03  -2.5142e+00   5.9526e-02  -5.0838e-02  -9.4696e+00  -3.4463e-02   4.2175e-02  -9.4621e+00   1.1825e-02   1.4701e-02 
    8  -2.2368e+00  -1.7116e-01   1.5647e-01  -1.5211e+00  -3.7496e-01   1.3183e+00  -5.8436e+00  -2.7454e-01   5.4434e-01  -8.3568e+00  -2.0282e-01  -1.3648e-02 

                ELEMENT STRAINS 
***************************************************************************************************************************************************************** 
Element   E11_G1       E22_G1       E12_G1       E11_G2       E22_G2       E12_G2       E11_G3       E22_G3       E12_G3       E11_G4       E22_G4       E12_G4 
***************************************************************************************************************************************************************** 
    1   2.8858e-05  -1.1574e-05  -6.8119e-06   3.9560e-05  -1.1051e-05   3.8780e-07   1.0394e-05  -2.4442e-06  -1.9371e-06   7.9921e-06  -4.8798e-06  -1.6333e-05 
    2   4.5107e-05  -1.3606e-05  -7.3303e-07   4.5060e-05  -1.3511e-05  -8.5007e-08   1.2084e-05  -3.5124e-06   1.6720e-07   1.2138e-05  -4.1127e-06   6.2578e-07 
    3   4.5060e-05  -1.3511e-05   8.5007e-08   4.5107e-05  -1.3606e-05   7.3303e-07   1.2138e-05  -4.1127e-06  -6.2578e-07   1.2084e-05  -3.5124e-06  -1.6720e-07 
    4   3.9560e-05  -1.1051e-05  -3.8780e-07   2.8858e-05  -1.1574e-05   6.8119e-06   7.9921e-06  -4.8798e-06   1.6333e-05   1.0394e-05  -2.4442e-06   1.9371e-06 
    5  -6.7077e-06   3.8748e-07  -1.6322e-05  -1.0407e-05   2.3804e-06  -1.9372e-06  -3.9505e-05   1.0972e-05   1.6898e-07  -2.7435e-05   7.0407e-06  -6.7395e-06 
    6  -1.2057e-05   3.8751e-06   6.2943e-07  -1.2107e-05   3.5739e-06   9.9813e-08  -4.5074e-05   1.3574e-05  -1.8201e-07  -4.5044e-05   1.3364e-05  -5.2217e-07 
    7  -1.2107e-05   3.5739e-06  -9.9813e-08  -1.2057e-05   3.8751e-06  -6.2943e-07  -4.5044e-05   1.3364e-05   5.2217e-07  -4.5074e-05   1.3574e-05   1.8201e-07 
    8  -1.0407e-05   2.3804e-06   1.9372e-06  -6.7077e-06   3.8748e-07   1.6322e-05  -2.7435e-05   7.0407e-06   6.7395e-06  -3.9505e-05   1.0972e-05  -1.6898e-07 

       SUPPORT REACTIONS 
***************************** 
  Node   Dof      Magnitude 
***************************** 
    1     1       0.00000e+00 
    1     2       5.00000e+02 
    9     2       5.00000e+02 
