OUTPUT OF PYTHON 2D SMALL STRAIN FEM IMPLEMENTATION 

          DISPLACEMENTS 
********************************* 
  Node      U1           U2 
********************************* 
    1       0.00000       0.00000 
    2      -0.08038      -0.16642 
    3      -0.15721      -0.64487 
    4      -0.21713      -1.39775 
    5      -0.27169      -2.37919 
    6      -0.30856      -3.54371 
    7      -0.34012      -4.84504 
    8      -0.35432      -6.23784 
    9      -0.36318      -7.67696 
   10       0.00000       0.00000 
   11      -0.07848      -0.64300 
   12      -0.13574      -2.37800 
   13      -0.16995      -4.84438 
   14      -0.18145      -7.67681 
   15       0.00000       0.00000 
   16      -0.00000      -0.16301 
   17       0.00000      -0.64285 
   18      -0.00000      -1.39553 
   19       0.00000      -2.37756 
   20      -0.00001      -3.54242 
   21       0.00001      -4.84416 
   22      -0.00002      -6.23744 
   23       0.00005      -7.67673 
   24       0.00000       0.00000 
   25       0.07848      -0.64300 
   26       0.13575      -2.37801 
   27       0.16998      -4.84442 
   28       0.18159      -7.67705 
   29       0.00000       0.00000 
   30       0.08038      -0.16642 
   31       0.15721      -0.64488 
   32       0.21713      -1.39775 
   33       0.27169      -2.37920 
   34       0.30855      -3.54371 
   35       0.34013      -4.84511 
   36       0.35429      -6.23778 
   37       0.36340      -7.67744 

                ELEMENT STRESSES 
***************************************************************************************************************************************************************** 
Element   S11_G1       S22_G1       S12_G1       S11_G2       S22_G2       S12_G2       S11_G3       S22_G3         S12_G3     S11_G4       S22_G4       S12_G4 
***************************************************************************************************************************************************************** 
    1  -1.3992e+02  -2.1394e+01  -2.6772e+00  -1.2601e+02   2.3054e+00  -8.2256e-01  -3.2748e+01   3.7754e+00  -3.1751e+00  -3.4792e+01   3.0402e+00  -1.3240e+00 
    2  -9.8840e+01   3.6687e+00  -1.1396e+00  -9.0049e+01  -1.1502e+00  -1.0490e+00  -2.3986e+01   1.9468e-01  -2.9398e+00  -2.8205e+01  -4.6957e+00  -2.8653e+00 
    3  -6.1540e+01   6.6685e-01  -1.1860e+00  -5.2134e+01  -1.8358e+00  -1.1335e+00  -1.3816e+01  -9.1350e-02  -2.8242e+00  -1.6232e+01   1.0917e+00  -2.8350e+00 
    4  -2.3672e+01   1.7974e+00  -1.1316e+00  -1.4111e+01  -5.3502e-01  -1.1309e+00  -3.7252e+00  -3.9702e-01  -2.8532e+00  -6.5795e+00  -9.5268e-02  -2.9135e+00 
    5   3.4792e+01  -3.0391e+00  -1.3223e+00   3.2750e+01  -3.7785e+00  -3.1751e+00   1.2601e+02  -2.3090e+00  -8.2716e-01   1.3992e+02   2.1396e+01  -2.6765e+00 
    6   2.8203e+01   4.7050e+00  -2.8613e+00   2.3993e+01  -2.2005e-01  -2.9568e+00   9.0042e+01   1.1212e+00  -1.0544e+00   9.8842e+01  -3.6574e+00  -1.1338e+00 
    7   1.6220e+01  -1.0182e+00  -2.8202e+00   1.3835e+01  -1.1267e-01  -2.8203e+00   5.2115e+01   1.6207e+00  -1.2220e+00   6.1552e+01  -5.8590e-01  -1.1587e+00 
    8   6.5575e+00   6.7188e-01  -2.9170e+00   3.6642e+00  -1.0307e+00  -2.8557e+00   1.4172e+01  -8.9110e-01  -1.1602e+00   2.3694e+01  -1.2167e+00  -1.0380e+00 

                ELEMENT STRAINS 
***************************************************************************************************************************************************************** 
Element   E11_G1       E22_G1       E12_G1       E11_G2       E22_G2       E12_G2       E11_G3       E22_G3       E12_G3       E11_G4       E22_G4       E12_G4 
***************************************************************************************************************************************************************** 
    1  -6.3570e-04   9.8003e-05  -3.3146e-05  -6.0333e-04   1.9099e-04  -1.0184e-05  -1.6134e-04   6.4762e-05  -3.9311e-05  -1.7002e-04   6.4180e-05  -1.6393e-05 
    2  -4.7591e-04   1.5867e-04  -1.4109e-05  -4.2716e-04   1.2316e-04  -1.2987e-05  -1.1450e-04   3.5193e-05  -3.6398e-05  -1.2760e-04   1.7933e-05  -3.5475e-05 
    3  -2.9400e-04   9.1090e-05  -1.4684e-05  -2.4563e-04   6.5735e-05  -1.4034e-05  -6.5661e-05   1.9302e-05  -3.4966e-05  -7.8856e-05   2.8387e-05  -3.5101e-05 
    4  -1.1529e-04   4.2377e-05  -1.4010e-05  -6.6429e-05   1.7610e-05  -1.4002e-05  -1.7172e-05   3.4312e-06  -3.5326e-05  -3.1195e-05   8.9456e-06  -3.6071e-05 
    5   1.7002e-04  -6.4175e-05  -1.6371e-05   1.6135e-04  -6.4778e-05  -3.9311e-05   6.0333e-04  -1.9100e-04  -1.0241e-05   6.3570e-04  -9.7997e-05  -3.3138e-05 
    6   1.2758e-04  -1.7885e-05  -3.5426e-05   1.1456e-04  -3.5323e-05  -3.6608e-05   4.2717e-04  -1.2329e-04  -1.3054e-05   4.7590e-04  -1.5862e-04  -1.4038e-05 
    7   7.8694e-05  -2.8020e-05  -3.4917e-05   6.6043e-05  -2.0301e-05  -3.4918e-05   2.4585e-04  -6.6732e-05  -1.5129e-05   2.9394e-04  -9.0722e-05  -1.4346e-05 
    8   3.0267e-05  -6.1685e-06  -3.6115e-05   1.8921e-05  -1.0143e-05  -3.5356e-05   6.8757e-05  -2.4488e-05  -1.4364e-05   1.1457e-04  -3.9643e-05  -1.2851e-05 

       SUPPORT REACTIONS 
***************************** 
  Node   Dof      Magnitude 
***************************** 
    1     1       9.38386e+03 
    1     2       1.79698e+04 
   10     1       1.32328e+04 
   10     2      -2.22853e+04 
   15     1      -1.52745e+00 
   15     2       9.63059e+03 
   24     1      -1.32307e+04 
   24     2      -2.22852e+04 
   29     1      -9.38439e+03 
   29     2       1.79701e+04 
