OUTPUT OF PYTHON 2D SMALL STRAIN FEM IMPLEMENTATION 

          DISPLACEMENTS 
********************************* 
  Node      U1           U2 
********************************* 
    1       2.00000       2.00000 
    2       2.00000       2.00000 
    3       2.00000       2.00000 
    4       2.00000       2.00000 
    5       2.00000       2.00000 
    6       2.00000       2.00000 
    7       2.00000       2.00000 
    8       2.00000       2.00000 

                ELEMENT STRESSES 
***************************************************************************************************************************************************************** 
Element   S11_G1       S22_G1       S12_G1       S11_G2       S22_G2       S12_G2       S11_G3       S22_G3         S12_G3     S11_G4       S22_G4       S12_G4 
***************************************************************************************************************************************************************** 
    1   5.1241e-12   9.4796e-11   2.6902e-11   8.1986e-11   1.1785e-10   5.3803e-11  -5.6365e-11  -1.1017e-10  -4.4836e-11   1.5372e-11   5.1241e-11   1.7934e-11 

                ELEMENT STRAINS 
***************************************************************************************************************************************************************** 
Element   E11_G1       E22_G1       E12_G1       E11_G2       E22_G2       E12_G2       E11_G3       E22_G3       E12_G3       E11_G4       E22_G4       E12_G4 
***************************************************************************************************************************************************************** 
    1  -1.1102e-16   4.4409e-16   3.3307e-16   2.2204e-16   4.4409e-16   6.6613e-16  -1.1102e-16  -4.4409e-16  -5.5511e-16   0.0000e+00   2.2204e-16   2.2204e-16 

       SUPPORT REACTIONS 
***************************** 
  Node   Dof      Magnitude 
***************************** 
    1     1      -1.09139e-10 
    1     2       1.16415e-10 
    2     1      -2.25555e-10 
    2     2       5.82077e-11 
    3     1      -1.60071e-10 
    3     2      -5.82077e-11 
    4     1      -1.23691e-10 
    4     2      -3.49246e-10 
    5     1      -1.45519e-10 
    5     2       1.63709e-11 
    6     1       2.32831e-10 
    6     2      -3.49246e-10 
    7     1       8.73115e-11 
    7     2       1.00044e-10 
    8     1      -2.45109e-10 
    8     2       0.00000e+00 
